0 info it worked if it ends with ok
1 verbose cli [ '/home/ubuntu/.nvm/versions/node/v4.4.3/bin/node',
1 verbose cli   '/home/ubuntu/.nvm/versions/node/v4.4.3/bin/npm',
1 verbose cli   'run',
1 verbose cli   'node' ]
2 info using npm@3.9.2
3 info using node@v4.4.3
4 verbose run-script [ 'prenode', 'node', 'postnode' ]
5 info lifecycle basicserver@1.0.0~prenode: basicserver@1.0.0
6 silly lifecycle basicserver@1.0.0~prenode: no script for prenode, continuing
7 info lifecycle basicserver@1.0.0~node: basicserver@1.0.0
8 verbose lifecycle basicserver@1.0.0~node: unsafe-perm in lifecycle true
9 verbose lifecycle basicserver@1.0.0~node: PATH: /home/ubuntu/.nvm/versions/node/v4.4.3/lib/node_modules/npm/bin/node-gyp-bin:/home/ubuntu/workspace/basicserver/node_modules/.bin:/home/ubuntu/.nvm/versions/node/v4.4.3/bin:/home/ubuntu/.nvm/versions/node/v4.4.3/bin:/usr/local/rvm/gems/ruby-2.3.0/bin:/usr/local/rvm/gems/ruby-2.3.0@global/bin:/usr/local/rvm/rubies/ruby-2.3.0/bin:/mnt/shared/bin:/home/ubuntu/workspace/node_modules/.bin:/home/ubuntu/bin:/usr/local/sbin:/usr/local/bin:/usr/sbin:/usr/bin:/sbin:/bin:/mnt/shared/sbin:/opt/gitl:/opt/go/bin:/mnt/shared/c9/app.nw/bin:/usr/local/rvm/bin
10 verbose lifecycle basicserver@1.0.0~node: CWD: /home/ubuntu/workspace/basicserver
11 silly lifecycle basicserver@1.0.0~node: Args: [ '-c', 'babel-node index.js' ]
12 silly lifecycle basicserver@1.0.0~node: Returned: code: 1  signal: null
13 info lifecycle basicserver@1.0.0~node: Failed to exec node script
14 verbose stack Error: basicserver@1.0.0 node: `babel-node index.js`
14 verbose stack Exit status 1
14 verbose stack     at EventEmitter.<anonymous> (/home/ubuntu/.nvm/versions/node/v4.4.3/lib/node_modules/npm/lib/utils/lifecycle.js:245:16)
14 verbose stack     at emitTwo (events.js:87:13)
14 verbose stack     at EventEmitter.emit (events.js:172:7)
14 verbose stack     at ChildProcess.<anonymous> (/home/ubuntu/.nvm/versions/node/v4.4.3/lib/node_modules/npm/lib/utils/spawn.js:24:14)
14 verbose stack     at emitTwo (events.js:87:13)
14 verbose stack     at ChildProcess.emit (events.js:172:7)
14 verbose stack     at maybeClose (internal/child_process.js:827:16)
14 verbose stack     at Process.ChildProcess._handle.onexit (internal/child_process.js:211:5)
15 verbose pkgid basicserver@1.0.0
16 verbose cwd /home/ubuntu/workspace/basicserver
17 error Linux 4.2.0-c9
18 error argv "/home/ubuntu/.nvm/versions/node/v4.4.3/bin/node" "/home/ubuntu/.nvm/versions/node/v4.4.3/bin/npm" "run" "node"
19 error node v4.4.3
20 error npm  v3.9.2
21 error code ELIFECYCLE
22 error basicserver@1.0.0 node: `babel-node index.js`
22 error Exit status 1
23 error Failed at the basicserver@1.0.0 node script 'babel-node index.js'.
23 error Make sure you have the latest version of node.js and npm installed.
23 error If you do, this is most likely a problem with the basicserver package,
23 error not with npm itself.
23 error Tell the author that this fails on your system:
23 error     babel-node index.js
23 error You can get information on how to open an issue for this project with:
23 error     npm bugs basicserver
23 error Or if that isn't available, you can get their info via:
23 error     npm owner ls basicserver
23 error There is likely additional logging output above.
24 verbose exit [ 1, true ]
